Build started 9/20/2013 3:00:18 PM.
     1>Project "F:\Projects\CS580\HW2\HW2\CS580HW2.vcxproj" on node 2 (build target(s)).
     1>InitializeBuildStatus:
         Creating ".\Debug\CS580HW2.unsuccessfulbuild" because "AlwaysCreate" was specified.
       ClCompile:
         All outputs are up-to-date.
         All outputs are up-to-date.
       ResourceCompile:
         All outputs are up-to-date.
       ManifestResourceCompile:
         All outputs are up-to-date.
       Link:
         All outputs are up-to-date.
       Manifest:
         All outputs are up-to-date.
         All outputs are up-to-date.
       FinalizeBuildStatus:
         Deleting file ".\Debug\CS580HW2.unsuccessfulbuild".
         Touching ".\Debug\CS580HW2.lastbuildstate".
     1>Done Building Project "F:\Projects\CS580\HW2\HW2\CS580HW2.vcxproj" (build target(s)).

Build succeeded.

Time Elapsed 00:00:04.21
