.\Debug\CS580HW2.ilk
.\Debug\CS580HW2.pdb
F:\Projects\CS580\HW2\HW2\.\Debug\CS580HW2.exe
F:\Projects\CS580\HW2\HW2\.\Debug\CS580HW2.exe.intermediate.manifest
F:\PROJECTS\CS580\HW2\HW2\DEBUG\APPLICATION.OBJ
F:\PROJECTS\CS580\HW2\HW2\DEBUG\APPLICATION2.OBJ
F:\Projects\CS580\HW2\HW2\Debug\cl.command.1.tlog
F:\Projects\CS580\HW2\HW2\Debug\CL.read.1.tlog
F:\Projects\CS580\HW2\HW2\Debug\CL.write.1.tlog
F:\PROJECTS\CS580\HW2\HW2\DEBUG\CS580HW.OBJ
F:\PROJECTS\CS580\HW2\HW2\DEBUG\CS580HW.RES
F:\PROJECTS\CS580\HW2\HW2\DEBUG\CS580HW2.EXE
F:\PROJECTS\CS580\HW2\HW2\DEBUG\CS580HW2.EXE.EMBED.MANIFEST
F:\PROJECTS\CS580\HW2\HW2\DEBUG\CS580HW2.EXE.EMBED.MANIFEST.RES
F:\PROJECTS\CS580\HW2\HW2\DEBUG\CS580HW2.EXE.INTERMEDIATE.MANIFEST
F:\PROJECTS\CS580\HW2\HW2\DEBUG\CS580HW2.ILK
F:\PROJECTS\CS580\HW2\HW2\DEBUG\CS580HW2.PCH
F:\PROJECTS\CS580\HW2\HW2\DEBUG\CS580HW2.PDB
F:\Projects\CS580\HW2\HW2\Debug\CS580HW2.vcxprojResolveAssemblyReference.cache
F:\Projects\CS580\HW2\HW2\Debug\CS580HW2.write.1.tlog
F:\Projects\CS580\HW2\HW2\Debug\CS580HW2_manifest.rc
F:\PROJECTS\CS580\HW2\HW2\DEBUG\CS580HWDOC.OBJ
F:\PROJECTS\CS580\HW2\HW2\DEBUG\CS580HWVIEW.OBJ
F:\PROJECTS\CS580\HW2\HW2\DEBUG\DISP.OBJ
F:\Projects\CS580\HW2\HW2\Debug\link.command.1.tlog
F:\Projects\CS580\HW2\HW2\Debug\link.read.1.tlog
F:\Projects\CS580\HW2\HW2\Debug\link.write.1.tlog
F:\Projects\CS580\HW2\HW2\Debug\link-cvtres.read.1.tlog
F:\Projects\CS580\HW2\HW2\Debug\link-cvtres.write.1.tlog
F:\PROJECTS\CS580\HW2\HW2\DEBUG\MAINFRM.OBJ
F:\Projects\CS580\HW2\HW2\Debug\mt.command.1.tlog
F:\Projects\CS580\HW2\HW2\Debug\mt.read.1.tlog
F:\Projects\CS580\HW2\HW2\Debug\mt.write.1.tlog
F:\Projects\CS580\HW2\HW2\Debug\rc.command.1.tlog
F:\Projects\CS580\HW2\HW2\Debug\rc.read.1.tlog
F:\Projects\CS580\HW2\HW2\Debug\rc.write.1.tlog
F:\PROJECTS\CS580\HW2\HW2\DEBUG\REND.OBJ
F:\PROJECTS\CS580\HW2\HW2\DEBUG\STDAFX.OBJ
F:\Projects\CS580\HW2\HW2\Debug\vc100.idb
F:\PROJECTS\CS580\HW2\HW2\DEBUG\VC100.PDB
